<?xml version="1.0" encoding="UTF-8"?>
<testng-results ignored="0" total="1" passed="1" failed="0" skipped="0">
  <reporter-output>
  </reporter-output>
  <suite started-at="2023-08-08T21:36:18 EDT" name="Default suite" finished-at="2023-08-08T21:36:38 EDT" duration-ms="19874">
    <groups>
    </groups>
    <test started-at="2023-08-08T21:36:18 EDT" name="Default test" finished-at="2023-08-08T21:36:38 EDT" duration-ms="19874">
      <class name="pages.HomePageTest">
        <test-method is-config="true" signature="setUp()[pri:0, instance:pages.HomePageTest@4d5650ae]" started-at="2023-08-08T21:36:18 EDT" name="setUp" finished-at="2023-08-08T21:36:28 EDT" duration-ms="10000" status="PASS">
          <reporter-output>
          </reporter-output>
        </test-method> <!-- setUp -->
        <test-method signature="clickLogoTest()[pri:0, instance:pages.HomePageTest@4d5650ae]" started-at="2023-08-08T21:36:28 EDT" name="clickLogoTest" finished-at="2023-08-08T21:36:37 EDT" duration-ms="8989" status="PASS">
          <reporter-output>
          </reporter-output>
        </test-method> <!-- clickLogoTest -->
        <test-method is-config="true" signature="tearUp()[pri:0, instance:pages.HomePageTest@4d5650ae]" started-at="2023-08-08T21:36:37 EDT" name="tearUp" finished-at="2023-08-08T21:36:38 EDT" duration-ms="766" status="PASS">
          <reporter-output>
          </reporter-output>
        </test-method> <!-- tearUp -->
      </class> <!-- pages.HomePageTest -->
    </test> <!-- Default test -->
  </suite> <!-- Default suite -->
</testng-results>
